
Symbol table '.symtab' contains 19 entries:
   Num:    Value  Size Type    Bind   Vis      Ndx Name
     0: 00000000     0 NOTYPE  LOCAL  DEFAULT  UND 
     1: 00000000     0 SECTION LOCAL  DEFAULT    1 
     2: 00000000     0 SECTION LOCAL  DEFAULT    3 
     3: 00000000     0 SECTION LOCAL  DEFAULT    4 
     4: 00000000     0 NOTYPE  LOCAL  DEFAULT    1 $t
     5: 00000054     0 NOTYPE  LOCAL  DEFAULT    1 Loop
     6: 0000000c     0 NOTYPE  LOCAL  DEFAULT    1 WTAloop
     7: 00000052     0 NOTYPE  LOCAL  DEFAULT    1 IncAndLoop
     8: 0000005c     0 NOTYPE  LOCAL  DEFAULT    1 Cleanup
     9: 00000060     0 NOTYPE  LOCAL  DEFAULT    1 $d
    10: 00000000     0 SECTION LOCAL  DEFAULT    7 
    11: 0000000c     0 NOTYPE  LOCAL  DEFAULT   10 $d
    12: 00000000     0 SECTION LOCAL  DEFAULT    9 
    13: 00000000     0 SECTION LOCAL  DEFAULT    5 
    14: 00000000     0 SECTION LOCAL  DEFAULT   10 
    15: 00000000     0 SECTION LOCAL  DEFAULT   12 
    16: 00000001     0 FUNC    GLOBAL DEFAULT    1 WeaponTypeArray
    17: 00000000     0 NOTYPE  GLOBAL DEFAULT  UND WeaponTriangleTable
    18: 00000000     0 NOTYPE  GLOBAL DEFAULT  UND WeaponTypeArrayList
